Using pre-set license
Built from '2022.3/release' branch; Version is '2022.3.12f1 (4fe6e059c7ef) revision 5236448'; Using compiler version '192829333'; Build Type 'Release'
OS: 'Windows 11  (10.0.22631) 64bit Core' Language: 'ko' Physical Memory: 16216 MB
BatchMode: 1, IsHumanControllingUs: 0, StartBugReporterOnCrash: 0, Is64bit: 1, IsPro: 1

COMMAND LINE ARGUMENTS:
C:\Users\MyDreamComputer\OneDrive\바탕 화면\유니티엔진 공부\2022.3.12f1\Editor\Unity.exe
-adb2
-batchMode
-noUpm
-name
AssetImportWorker0
-projectPath
C:/Users/MyDreamComputer/OneDrive/바탕 화면/PROJECT_01/Project_RE/Project_RE
-logFile
Logs/AssetImportWorker0.log
-srvPort
52558
Successfully changed project path to: C:/Users/MyDreamComputer/OneDrive/바탕 화면/PROJECT_01/Project_RE/Project_RE
C:/Users/MyDreamComputer/OneDrive/바탕 화면/PROJECT_01/Project_RE/Project_RE
[UnityMemory] Configuration Parameters - Can be set up in boot.config
    "memorysetup-bucket-allocator-granularity=16"
    "memorysetup-bucket-allocator-bucket-count=8"
    "memorysetup-bucket-allocator-block-size=33554432"
    "memorysetup-bucket-allocator-block-count=8"
    "memorysetup-main-allocator-block-size=16777216"
    "memorysetup-thread-allocator-block-size=16777216"
    "memorysetup-gfx-main-allocator-block-size=16777216"
    "memorysetup-gfx-thread-allocator-block-size=16777216"
    "memorysetup-cache-allocator-block-size=4194304"
    "memorysetup-typetree-allocator-block-size=2097152"
    "memorysetup-profiler-bucket-allocator-granularity=16"
    "memorysetup-profiler-bucket-allocator-bucket-count=8"
    "memorysetup-profiler-bucket-allocator-block-size=33554432"
    "memorysetup-profiler-bucket-allocator-block-count=8"
    "memorysetup-profiler-allocator-block-size=16777216"
    "memorysetup-profiler-editor-allocator-block-size=1048576"
    "memorysetup-temp-allocator-size-main=16777216"
    "memorysetup-job-temp-allocator-block-size=2097152"
    "memorysetup-job-temp-allocator-block-size-background=1048576"
    "memorysetup-job-temp-allocator-reduction-small-platforms=262144"
    "memorysetup-allocator-temp-initial-block-size-main=262144"
    "memorysetup-allocator-temp-initial-block-size-worker=262144"
    "memorysetup-temp-allocator-size-background-worker=32768"
    "memorysetup-temp-allocator-size-job-worker=262144"
    "memorysetup-temp-allocator-size-preload-manager=33554432"
    "memorysetup-temp-allocator-size-nav-mesh-worker=65536"
    "memorysetup-temp-allocator-size-audio-worker=65536"
    "memorysetup-temp-allocator-size-cloud-worker=32768"
    "memorysetup-temp-allocator-size-gi-baking-worker=262144"
    "memorysetup-temp-allocator-size-gfx=262144"
Player connection [21584] Host "[IP] 172.30.1.64 [Port] 0 [Flags] 2 [Guid] 171406868 [EditorId] 171406868 [Version] 1048832 [Id] WindowsEditor(7,DESKTOP-JA338E9) [Debug] 1 [PackageName] WindowsEditor [ProjectName] Editor" joined multi-casting on [225.0.0.222:54997]...

Player connection [21584] Host "[IP] 172.30.1.64 [Port] 0 [Flags] 2 [Guid] 171406868 [EditorId] 171406868 [Version] 1048832 [Id] WindowsEditor(7,DESKTOP-JA338E9) [Debug] 1 [PackageName] WindowsEditor [ProjectName] Editor" joined alternative multi-casting on [225.0.0.222:34997]...

[Physics::Module] Initialized MultithreadedJobDispatcher with 11 workers.
Refreshing native plugins compatible for Editor in 7.33 ms, found 3 plugins.
Preloading 0 native plugins for Editor in 0.00 ms.
Initialize engine version: 2022.3.12f1 (4fe6e059c7ef)
[Subsystems] Discovering subsystems at path C:/Users/MyDreamComputer/OneDrive/바탕 화면/유니티엔진 공부/2022.3.12f1/Editor/Data/Resources/UnitySubsystems
[Subsystems] Discovering subsystems at path C:/Users/MyDreamComputer/OneDrive/바탕 화면/PROJECT_01/Project_RE/Project_RE/Assets
GfxDevice: creating device client; threaded=0; jobified=0
Direct3D:
    Version:  Direct3D 11.0 [level 11.1]
    Renderer: NVIDIA GeForce RTX 3060 Ti (ID=0x2489)
    Vendor:   NVIDIA
    VRAM:     8024 MB
    Driver:   32.0.15.5599
Initialize mono
Mono path[0] = 'C:/Users/MyDreamComputer/OneDrive/바탕 화면/유니티엔진 공부/2022.3.12f1/Editor/Data/Managed'
Mono path[1] = 'C:/Users/MyDreamComputer/OneDrive/바탕 화면/유니티엔진 공부/2022.3.12f1/Editor/Data/MonoBleedingEdge/lib/mono/unityjit-win32'
Mono config path = 'C:/Users/MyDreamComputer/OneDrive/바탕 화면/유니티엔진 공부/2022.3.12f1/Editor/Data/MonoBleedingEdge/etc'
Using monoOptions --debugger-agent=transport=dt_socket,embedding=1,server=y,suspend=n,address=127.0.0.1:56796
Begin MonoManager ReloadAssembly
Registering precompiled unity dll's ...
Register platform support module: C:/Users/MyDreamComputer/OneDrive/바탕 화면/유니티엔진 공부/2022.3.12f1/Editor/Data/PlaybackEngines/WindowsStandaloneSupport/UnityEditor.WindowsStandalone.Extensions.dll
Registered in 0.006697 seconds.
- Loaded All Assemblies, in  0.285 seconds
Native extension for WindowsStandalone target not found
Mono: successfully reloaded assembly
- Finished resetting the current domain, in  0.198 seconds
Domain Reload Profiling: 482ms
	BeginReloadAssembly (89ms)
		ExecutionOrderSort (0ms)
		DisableScriptedObjects (0ms)
		BackupInstance (0ms)
		ReleaseScriptingObjects (0ms)
		CreateAndSetChildDomain (1ms)
	RebuildCommonClasses (24ms)
	RebuildNativeTypeToScriptingClass (7ms)
	initialDomainReloadingComplete (52ms)
	LoadAllAssembliesAndSetupDomain (111ms)
		LoadAssemblies (88ms)
		RebuildTransferFunctionScriptingTraits (0ms)
		AnalyzeDomain (109ms)
			TypeCache.Refresh (108ms)
				TypeCache.ScanAssembly (98ms)
			ScanForSourceGeneratedMonoScriptInfo (0ms)
			ResolveRequiredComponents (0ms)
	FinalizeReload (198ms)
		ReleaseScriptCaches (0ms)
		RebuildScriptCaches (0ms)
		SetupLoadedEditorAssemblies (158ms)
			LogAssemblyErrors (0ms)
			InitializePlatformSupportModulesInManaged (7ms)
			SetLoadedEditorAssemblies (5ms)
			RefreshPlugins (0ms)
			BeforeProcessingInitializeOnLoad (2ms)
			ProcessInitializeOnLoadAttributes (94ms)
			ProcessInitializeOnLoadMethodAttributes (50ms)
			AfterProcessingInitializeOnLoad (0ms)
			EditorAssembliesLoaded (0ms)
		ExecutionOrderSort2 (0ms)
		AwakeInstancesAfterBackupRestoration (0ms)
========================================================================
Worker process is ready to serve import requests
Begin MonoManager ReloadAssembly
- Loaded All Assemblies, in  0.504 seconds
Refreshing native plugins compatible for Editor in 2.68 ms, found 3 plugins.
Native extension for WindowsStandalone target not found
Package Manager log level set to [2]
[Package Manager] Server::EnsureServerProcessIsRunning -- launch failed, reason: Unity was launched with the -noUpm command-line argument
[Package Manager] UpmClient::Send -- Unable to send message (not connected to UPM process).
[Package Manager] Cannot connect to Unity Package Manager local server
Mono: successfully reloaded assembly
- Finished resetting the current domain, in  0.432 seconds
Domain Reload Profiling: 934ms
	BeginReloadAssembly (138ms)
		ExecutionOrderSort (0ms)
		DisableScriptedObjects (4ms)
		BackupInstance (0ms)
		ReleaseScriptingObjects (0ms)
		CreateAndSetChildDomain (17ms)
	RebuildCommonClasses (25ms)
	RebuildNativeTypeToScriptingClass (7ms)
	initialDomainReloadingComplete (30ms)
	LoadAllAssembliesAndSetupDomain (302ms)
		LoadAssemblies (260ms)
		RebuildTransferFunctionScriptingTraits (0ms)
		AnalyzeDomain (130ms)
			TypeCache.Refresh (115ms)
				TypeCache.ScanAssembly (104ms)
			ScanForSourceGeneratedMonoScriptInfo (11ms)
			ResolveRequiredComponents (3ms)
	FinalizeReload (432ms)
		ReleaseScriptCaches (0ms)
		RebuildScriptCaches (0ms)
		SetupLoadedEditorAssemblies (320ms)
			LogAssemblyErrors (0ms)
			InitializePlatformSupportModulesInManaged (5ms)
			SetLoadedEditorAssemblies (4ms)
			RefreshPlugins (0ms)
			BeforeProcessingInitializeOnLoad (45ms)
			ProcessInitializeOnLoadAttributes (248ms)
			ProcessInitializeOnLoadMethodAttributes (14ms)
			AfterProcessingInitializeOnLoad (5ms)
			EditorAssembliesLoaded (0ms)
		ExecutionOrderSort2 (0ms)
		AwakeInstancesAfterBackupRestoration (12ms)
Launched and connected shader compiler UnityShaderCompiler.exe after 0.04 seconds
Refreshing native plugins compatible for Editor in 2.48 ms, found 3 plugins.
Preloading 0 native plugins for Editor in 0.00 ms.
Unloading 3126 Unused Serialized files (Serialized files now loaded: 0)
Unloading 32 unused Assets / (57.0 KB). Loaded Objects now: 3590.
Memory consumption went from 125.5 MB to 125.5 MB.
Total: 2.211600 ms (FindLiveObjects: 0.153700 ms CreateObjectMapping: 0.070800 ms MarkObjects: 1.904100 ms  DeleteObjects: 0.082200 ms)

AssetImportParameters requested are different than current active one (requested -> active):
  custom:container-demuxer-ogg: 62fdf1f143b41e24485cea50d1cbac27 -> 
  custom:video-decoder-ogg-theora: a1e56fd34408186e4bbccfd4996cb3dc -> 
  custom:framework-win-MediaFoundation: 216162199b28c13a410421893ffa2e32 -> 
  custom:CustomObjectIndexerAttribute: 756ad292c208cfabdd7b50bc23989ffe -> 
  custom:container-demuxer-webm: 4f35f7cbe854078d1ac9338744f61a02 -> 
  custom:container-muxer-webm: aa71ff27fc2769a1b78a27578f13a17b -> 
  custom:video-decoder-webm-vp8: 9c59270c3fd7afecdb556c50c9e8de78 -> 
  custom:SearchIndexIgnoredProperties: e643bd26f0fe6173181afceb89e7c659 -> 
  custom:AudioImporter_EditorPlatform: d09bf68614088b80899f8185d706f6e7 -> 
  custom:video-encoder-webm-vp8: eb34c28f22e8b96e1ab97ce403110664 -> 
  custom:audio-decoder-ogg-vorbis: bf7c407c2cedff20999df2af8eb42d56 -> 
  custom:audio-encoder-webm-vorbis: bf7c407c2cedff20999df2af8eb42d56 -> 
========================================================================
Received Prepare
Begin MonoManager ReloadAssembly
- Loaded All Assemblies, in  0.370 seconds
Refreshing native plugins compatible for Editor in 3.31 ms, found 3 plugins.
Native extension for WindowsStandalone target not found
[Package Manager] Server::EnsureServerProcessIsRunning -- launch failed, reason: Unity was launched with the -noUpm command-line argument
[Package Manager] UpmClient::Send -- Unable to send message (not connected to UPM process).
[Package Manager] Cannot connect to Unity Package Manager local server
Mono: successfully reloaded assembly
- Finished resetting the current domain, in  0.882 seconds
Domain Reload Profiling: 1250ms
	BeginReloadAssembly (144ms)
		ExecutionOrderSort (0ms)
		DisableScriptedObjects (3ms)
		BackupInstance (0ms)
		ReleaseScriptingObjects (0ms)
		CreateAndSetChildDomain (27ms)
	RebuildCommonClasses (26ms)
	RebuildNativeTypeToScriptingClass (14ms)
	initialDomainReloadingComplete (28ms)
	LoadAllAssembliesAndSetupDomain (155ms)
		LoadAssemblies (232ms)
		RebuildTransferFunctionScriptingTraits (0ms)
		AnalyzeDomain (9ms)
			TypeCache.Refresh (4ms)
				TypeCache.ScanAssembly (0ms)
			ScanForSourceGeneratedMonoScriptInfo (0ms)
			ResolveRequiredComponents (3ms)
	FinalizeReload (882ms)
		ReleaseScriptCaches (0ms)
		RebuildScriptCaches (0ms)
		SetupLoadedEditorAssemblies (405ms)
			LogAssemblyErrors (0ms)
			InitializePlatformSupportModulesInManaged (6ms)
			SetLoadedEditorAssemblies (5ms)
			RefreshPlugins (0ms)
			BeforeProcessingInitializeOnLoad (55ms)
			ProcessInitializeOnLoadAttributes (311ms)
			ProcessInitializeOnLoadMethodAttributes (21ms)
			AfterProcessingInitializeOnLoad (7ms)
			EditorAssembliesLoaded (0ms)
		ExecutionOrderSort2 (0ms)
		AwakeInstancesAfterBackupRestoration (14ms)
Refreshing native plugins compatible for Editor in 3.24 ms, found 3 plugins.
Preloading 0 native plugins for Editor in 0.00 ms.
Unloading 3106 Unused Serialized files (Serialized files now loaded: 0)
Unloading 23 unused Assets / (31.1 KB). Loaded Objects now: 3593.
Memory consumption went from 123.5 MB to 123.5 MB.
Total: 2.472900 ms (FindLiveObjects: 0.170500 ms CreateObjectMapping: 0.068400 ms MarkObjects: 2.192500 ms  DeleteObjects: 0.040600 ms)

Prepare: number of updated asset objects reloaded= 0
AssetImportParameters requested are different than current active one (requested -> active):
  custom:container-demuxer-ogg: 62fdf1f143b41e24485cea50d1cbac27 -> 
  custom:video-decoder-ogg-theora: a1e56fd34408186e4bbccfd4996cb3dc -> 
  custom:framework-win-MediaFoundation: 216162199b28c13a410421893ffa2e32 -> 
  custom:CustomObjectIndexerAttribute: 756ad292c208cfabdd7b50bc23989ffe -> 
  custom:container-demuxer-webm: 4f35f7cbe854078d1ac9338744f61a02 -> 
  custom:container-muxer-webm: aa71ff27fc2769a1b78a27578f13a17b -> 
  custom:video-decoder-webm-vp8: 9c59270c3fd7afecdb556c50c9e8de78 -> 
  custom:SearchIndexIgnoredProperties: e643bd26f0fe6173181afceb89e7c659 -> 
  custom:AudioImporter_EditorPlatform: d09bf68614088b80899f8185d706f6e7 -> 
  custom:video-encoder-webm-vp8: eb34c28f22e8b96e1ab97ce403110664 -> 
  custom:audio-decoder-ogg-vorbis: bf7c407c2cedff20999df2af8eb42d56 -> 
  custom:audio-encoder-webm-vorbis: bf7c407c2cedff20999df2af8eb42d56 -> 
========================================================================
Received Import Request.
  Time since last request: 43954.921614 seconds.
  path: Assets/Resources/Prefabs/UI/Popup/Main/Main-Init.prefab
  artifactKey: Guid(89f4a240fcbd763418fd302efa40ed52) Importer(815301076,1909f56bfc062723c751e8b465ee728b)
Start importing Assets/Resources/Prefabs/UI/Popup/Main/Main-Init.prefab using Guid(89f4a240fcbd763418fd302efa40ed52) Importer(815301076,1909f56bfc062723c751e8b465ee728b)  -> (artifact id: 'd499d42bc2df4b0a808960437cfa542d') in 0.142106 seconds
Number of updated asset objects reloaded before import = 0
Number of asset objects unloaded after import = 31
========================================================================
Received Prepare
Begin MonoManager ReloadAssembly
- Loaded All Assemblies, in  0.359 seconds
Refreshing native plugins compatible for Editor in 2.89 ms, found 3 plugins.
Native extension for WindowsStandalone target not found
[Package Manager] Server::EnsureServerProcessIsRunning -- launch failed, reason: Unity was launched with the -noUpm command-line argument
[Package Manager] UpmClient::Send -- Unable to send message (not connected to UPM process).
[Package Manager] Cannot connect to Unity Package Manager local server
Mono: successfully reloaded assembly
- Finished resetting the current domain, in  0.842 seconds
Domain Reload Profiling: 1199ms
	BeginReloadAssembly (125ms)
		ExecutionOrderSort (0ms)
		DisableScriptedObjects (3ms)
		BackupInstance (0ms)
		ReleaseScriptingObjects (0ms)
		CreateAndSetChildDomain (28ms)
	RebuildCommonClasses (23ms)
	RebuildNativeTypeToScriptingClass (8ms)
	initialDomainReloadingComplete (24ms)
	LoadAllAssembliesAndSetupDomain (177ms)
		LoadAssemblies (234ms)
		RebuildTransferFunctionScriptingTraits (0ms)
		AnalyzeDomain (10ms)
			TypeCache.Refresh (5ms)
				TypeCache.ScanAssembly (0ms)
			ScanForSourceGeneratedMonoScriptInfo (0ms)
			ResolveRequiredComponents (3ms)
	FinalizeReload (842ms)
		ReleaseScriptCaches (0ms)
		RebuildScriptCaches (0ms)
		SetupLoadedEditorAssemblies (390ms)
			LogAssemblyErrors (0ms)
			InitializePlatformSupportModulesInManaged (6ms)
			SetLoadedEditorAssemblies (3ms)
			RefreshPlugins (0ms)
			BeforeProcessingInitializeOnLoad (54ms)
			ProcessInitializeOnLoadAttributes (299ms)
			ProcessInitializeOnLoadMethodAttributes (21ms)
			AfterProcessingInitializeOnLoad (7ms)
			EditorAssembliesLoaded (0ms)
		ExecutionOrderSort2 (0ms)
		AwakeInstancesAfterBackupRestoration (16ms)
Refreshing native plugins compatible for Editor in 3.72 ms, found 3 plugins.
Preloading 0 native plugins for Editor in 0.00 ms.
Unloading 3105 Unused Serialized files (Serialized files now loaded: 0)
Unloading 23 unused Assets / (31.0 KB). Loaded Objects now: 3597.
Memory consumption went from 125.2 MB to 125.2 MB.
Total: 2.456100 ms (FindLiveObjects: 0.184300 ms CreateObjectMapping: 0.110200 ms MarkObjects: 2.100200 ms  DeleteObjects: 0.060500 ms)

Prepare: number of updated asset objects reloaded= 0
AssetImportParameters requested are different than current active one (requested -> active):
  custom:container-demuxer-ogg: 62fdf1f143b41e24485cea50d1cbac27 -> 
  custom:video-decoder-ogg-theora: a1e56fd34408186e4bbccfd4996cb3dc -> 
  custom:framework-win-MediaFoundation: 216162199b28c13a410421893ffa2e32 -> 
  custom:CustomObjectIndexerAttribute: 756ad292c208cfabdd7b50bc23989ffe -> 
  custom:container-demuxer-webm: 4f35f7cbe854078d1ac9338744f61a02 -> 
  custom:container-muxer-webm: aa71ff27fc2769a1b78a27578f13a17b -> 
  custom:video-decoder-webm-vp8: 9c59270c3fd7afecdb556c50c9e8de78 -> 
  custom:SearchIndexIgnoredProperties: e643bd26f0fe6173181afceb89e7c659 -> 
  custom:AudioImporter_EditorPlatform: d09bf68614088b80899f8185d706f6e7 -> 
  custom:video-encoder-webm-vp8: eb34c28f22e8b96e1ab97ce403110664 -> 
  custom:audio-decoder-ogg-vorbis: bf7c407c2cedff20999df2af8eb42d56 -> 
  custom:audio-encoder-webm-vorbis: bf7c407c2cedff20999df2af8eb42d56 -> 
========================================================================
Received Import Request.
  Time since last request: 182.832514 seconds.
  path: Assets/Resources/Prefabs/UI/Popup/Main/Main-Init.prefab
  artifactKey: Guid(89f4a240fcbd763418fd302efa40ed52) Importer(815301076,1909f56bfc062723c751e8b465ee728b)
Start importing Assets/Resources/Prefabs/UI/Popup/Main/Main-Init.prefab using Guid(89f4a240fcbd763418fd302efa40ed52) Importer(815301076,1909f56bfc062723c751e8b465ee728b)  -> (artifact id: '7a9846b1e867080d843834d260bdf7b9') in 0.126059 seconds
Number of updated asset objects reloaded before import = 0
Number of asset objects unloaded after import = 31
========================================================================
Received Import Request.
  Time since last request: 982.077170 seconds.
  path: Assets/Resources/Prefabs/UI/Popup/Main/Main-Init-2.prefab
  artifactKey: Guid(03c79e4f36f25b04cb51185b1dbb06fe) Importer(815301076,1909f56bfc062723c751e8b465ee728b)
Start importing Assets/Resources/Prefabs/UI/Popup/Main/Main-Init-2.prefab using Guid(03c79e4f36f25b04cb51185b1dbb06fe) Importer(815301076,1909f56bfc062723c751e8b465ee728b)  -> (artifact id: 'b353b97c00f2d858b0a3b5ac01ad27b8') in 0.181218 seconds
Number of updated asset objects reloaded before import = 0
Number of asset objects unloaded after import = 43
========================================================================
Received Import Request.
  Time since last request: 663.671510 seconds.
  path: Assets/DNFForgedBlade
  artifactKey: Guid(61b8577f25348d9468fb81e2473c4ecc) Importer(815301076,1909f56bfc062723c751e8b465ee728b)
Start importing Assets/DNFForgedBlade using Guid(61b8577f25348d9468fb81e2473c4ecc) Importer(815301076,1909f56bfc062723c751e8b465ee728b)  -> (artifact id: '7f238ac0bb860c827ee6ddc5069c8807') in 0.000716 seconds
Number of updated asset objects reloaded before import = 0
Number of asset objects unloaded after import = 0
========================================================================
Received Import Request.
  Time since last request: 10.398087 seconds.
  path: Assets/DNFForgedBlade/DNFForgedBlade-Bold.ttf
  artifactKey: Guid(089741a0a48c1ca48a2280901debfe79) Importer(815301076,1909f56bfc062723c751e8b465ee728b)
Start importing Assets/DNFForgedBlade/DNFForgedBlade-Bold.ttf using Guid(089741a0a48c1ca48a2280901debfe79) Importer(815301076,1909f56bfc062723c751e8b465ee728b)  -> (artifact id: '804e05d33554efc8f118c19662fb5ab6') in 0.087967 seconds
Number of updated asset objects reloaded before import = 0
Number of asset objects unloaded after import = 4
========================================================================
Received Import Request.
  Time since last request: 0.259834 seconds.
  path: Assets/DNFForgedBlade/DNFForgedBlade-Bold.otf
  artifactKey: Guid(1f321220bb86704469dedffe12200abc) Importer(815301076,1909f56bfc062723c751e8b465ee728b)
Start importing Assets/DNFForgedBlade/DNFForgedBlade-Bold.otf using Guid(1f321220bb86704469dedffe12200abc) Importer(815301076,1909f56bfc062723c751e8b465ee728b)  -> (artifact id: '8a6da15dfe4421d34f027b795f7d1b52') in 0.013492 seconds
Number of updated asset objects reloaded before import = 0
Number of asset objects unloaded after import = 4
========================================================================
Received Import Request.
  Time since last request: 0.801626 seconds.
  path: Assets/DNFForgedBlade/DNFForgedBlade-Light.ttf
  artifactKey: Guid(a8f8335fd678f2741aa665ac5a24d836) Importer(815301076,1909f56bfc062723c751e8b465ee728b)
Start importing Assets/DNFForgedBlade/DNFForgedBlade-Light.ttf using Guid(a8f8335fd678f2741aa665ac5a24d836) Importer(815301076,1909f56bfc062723c751e8b465ee728b)  -> (artifact id: '7a0d3ede471880ac44d174b8bed6a672') in 0.030288 seconds
Number of updated asset objects reloaded before import = 0
Number of asset objects unloaded after import = 4
========================================================================
Received Import Request.
  Time since last request: 0.219298 seconds.
  path: Assets/DNFForgedBlade/DNFForgedBlade-Medium.ttf
  artifactKey: Guid(97b317fe7effd5a479e32162782575db) Importer(815301076,1909f56bfc062723c751e8b465ee728b)
Start importing Assets/DNFForgedBlade/DNFForgedBlade-Medium.ttf using Guid(97b317fe7effd5a479e32162782575db) Importer(815301076,1909f56bfc062723c751e8b465ee728b)  -> (artifact id: '8629c213fad260e9c7b061b02e6e51ba') in 0.011060 seconds
Number of updated asset objects reloaded before import = 0
Number of asset objects unloaded after import = 4
========================================================================
Received Import Request.
  Time since last request: 29.108692 seconds.
  path: Assets/TextMesh Pro/Resources
  artifactKey: Guid(243e06394e614e5d99fab26083b707fa) Importer(815301076,1909f56bfc062723c751e8b465ee728b)
Start importing Assets/TextMesh Pro/Resources using Guid(243e06394e614e5d99fab26083b707fa) Importer(815301076,1909f56bfc062723c751e8b465ee728b)  -> (artifact id: 'b2c36a6349224b0ebebc1e51428e6fea') in 0.000533 seconds
Number of updated asset objects reloaded before import = 0
Number of asset objects unloaded after import = 0
========================================================================
Received Import Request.
  Time since last request: 1.692319 seconds.
  path: Assets/TextMesh Pro/Resources/Fonts & Materials
  artifactKey: Guid(731f1baa9d144a9897cb1d341c2092b8) Importer(815301076,1909f56bfc062723c751e8b465ee728b)
Start importing Assets/TextMesh Pro/Resources/Fonts & Materials using Guid(731f1baa9d144a9897cb1d341c2092b8) Importer(815301076,1909f56bfc062723c751e8b465ee728b)  -> (artifact id: '3a7eab248413d5372ca0e38f8fa86db8') in 0.000438 seconds
Number of updated asset objects reloaded before import = 0
Number of asset objects unloaded after import = 0
========================================================================
Received Import Request.
  Time since last request: 70.434095 seconds.
  path: Assets/static
  artifactKey: Guid(610ff8341a37f4f449821141bdca3d3b) Importer(815301076,1909f56bfc062723c751e8b465ee728b)
Start importing Assets/static using Guid(610ff8341a37f4f449821141bdca3d3b) Importer(815301076,1909f56bfc062723c751e8b465ee728b)  -> (artifact id: '2f189df20c6d61fa9eee42ef2c579f10') in 0.000400 seconds
Number of updated asset objects reloaded before import = 0
Number of asset objects unloaded after import = 0
========================================================================
Received Import Request.
  Time since last request: 0.780650 seconds.
  path: Assets/static/NotoSansKR-Black.ttf
  artifactKey: Guid(2dfd51e6a3776bf428c498e13ab62d47) Importer(815301076,1909f56bfc062723c751e8b465ee728b)
Start importing Assets/static/NotoSansKR-Black.ttf using Guid(2dfd51e6a3776bf428c498e13ab62d47) Importer(815301076,1909f56bfc062723c751e8b465ee728b)  -> (artifact id: '8fa37b3b77da970d27f34a270b94e564') in 0.027103 seconds
Number of updated asset objects reloaded before import = 0
Number of asset objects unloaded after import = 4
========================================================================
Received Import Request.
  Time since last request: 0.337166 seconds.
  path: Assets/static/NotoSansKR-Bold.ttf
  artifactKey: Guid(905f75d810a3e704bbbebd4e510c6220) Importer(815301076,1909f56bfc062723c751e8b465ee728b)
Start importing Assets/static/NotoSansKR-Bold.ttf using Guid(905f75d810a3e704bbbebd4e510c6220) Importer(815301076,1909f56bfc062723c751e8b465ee728b)  -> (artifact id: 'ec34d7851cf2477d50af84970fff9bb4') in 0.028663 seconds
Number of updated asset objects reloaded before import = 0
Number of asset objects unloaded after import = 4
========================================================================
Received Import Request.
  Time since last request: 0.855777 seconds.
  path: Assets/static/NotoSansKR-Light.ttf
  artifactKey: Guid(c35bf3edf82d4bd4baa854db4542ca17) Importer(815301076,1909f56bfc062723c751e8b465ee728b)
Start importing Assets/static/NotoSansKR-Light.ttf using Guid(c35bf3edf82d4bd4baa854db4542ca17) Importer(815301076,1909f56bfc062723c751e8b465ee728b)  -> (artifact id: '50726774245f5641b7b24510bae1b0da') in 0.010978 seconds
Number of updated asset objects reloaded before import = 0
Number of asset objects unloaded after import = 4
========================================================================
Received Import Request.
  Time since last request: 0.242808 seconds.
  path: Assets/static/NotoSansKR-Thin.ttf
  artifactKey: Guid(7b303cd2c3f43354d8de308f2a1d6bae) Importer(815301076,1909f56bfc062723c751e8b465ee728b)
Start importing Assets/static/NotoSansKR-Thin.ttf using Guid(7b303cd2c3f43354d8de308f2a1d6bae) Importer(815301076,1909f56bfc062723c751e8b465ee728b)  -> (artifact id: '4c9f9feb5e68814da0494701325b2cae') in 0.011378 seconds
Number of updated asset objects reloaded before import = 0
Number of asset objects unloaded after import = 4
========================================================================
Received Import Request.
  Time since last request: 0.247589 seconds.
  path: Assets/static/NotoSansKR-Medium.ttf
  artifactKey: Guid(5f436b4d24f25ca43a106db24183523c) Importer(815301076,1909f56bfc062723c751e8b465ee728b)
Start importing Assets/static/NotoSansKR-Medium.ttf using Guid(5f436b4d24f25ca43a106db24183523c) Importer(815301076,1909f56bfc062723c751e8b465ee728b)  -> (artifact id: '01edc32e86e315cdff796fd5a9e1acb0') in 0.011264 seconds
Number of updated asset objects reloaded before import = 0
Number of asset objects unloaded after import = 4
========================================================================
Received Import Request.
  Time since last request: 0.227129 seconds.
  path: Assets/static/NotoSansKR-ExtraBold.ttf
  artifactKey: Guid(daec1b24b1c68e041b3aece7a9d283b9) Importer(815301076,1909f56bfc062723c751e8b465ee728b)
Start importing Assets/static/NotoSansKR-ExtraBold.ttf using Guid(daec1b24b1c68e041b3aece7a9d283b9) Importer(815301076,1909f56bfc062723c751e8b465ee728b)  -> (artifact id: 'c1b579b7b3057b777ec8fe92e0826c00') in 0.009925 seconds
Number of updated asset objects reloaded before import = 0
Number of asset objects unloaded after import = 4
========================================================================
Received Import Request.
  Time since last request: 85.064113 seconds.
  path: Assets/DNFForgedBlade/DNFForgedBlade-Bold SDF.asset
  artifactKey: Guid(fc0d5c5cc9485e842a081bd48d709ddb) Importer(815301076,1909f56bfc062723c751e8b465ee728b)
Start importing Assets/DNFForgedBlade/DNFForgedBlade-Bold SDF.asset using Guid(fc0d5c5cc9485e842a081bd48d709ddb) Importer(815301076,1909f56bfc062723c751e8b465ee728b)  -> (artifact id: 'c446aa69a07fb2f1fbd6ad226ecca0fc') in 0.029658 seconds
Number of updated asset objects reloaded before import = 0
Number of asset objects unloaded after import = 6
========================================================================
Received Import Request.
  Time since last request: 5.805972 seconds.
  path: Assets/DNFForgedBlade/DNFForgedBlade-Medium.otf
  artifactKey: Guid(7e39feb98268d7f49bad102092915a8f) Importer(815301076,1909f56bfc062723c751e8b465ee728b)
Start importing Assets/DNFForgedBlade/DNFForgedBlade-Medium.otf using Guid(7e39feb98268d7f49bad102092915a8f) Importer(815301076,1909f56bfc062723c751e8b465ee728b)  -> (artifact id: '794535237c80ae05dd9fef90a3948c1a') in 0.009176 seconds
Number of updated asset objects reloaded before import = 0
Number of asset objects unloaded after import = 4
========================================================================
Received Import Request.
  Time since last request: 2.160652 seconds.
  path: Assets/DNFForgedBlade/DNFForgedBlade-Light.otf
  artifactKey: Guid(b2c73e556ef8d114797c81f2e73bcfb8) Importer(815301076,1909f56bfc062723c751e8b465ee728b)
Start importing Assets/DNFForgedBlade/DNFForgedBlade-Light.otf using Guid(b2c73e556ef8d114797c81f2e73bcfb8) Importer(815301076,1909f56bfc062723c751e8b465ee728b)  -> (artifact id: '33ab8ce481ff6dc8748e9d13d294e18b') in 0.011547 seconds
Number of updated asset objects reloaded before import = 0
Number of asset objects unloaded after import = 4
========================================================================
Received Import Request.
  Time since last request: 23.833751 seconds.
  path: Assets/TextMesh Pro/DNFForgedBlade/DNFForgedBlade-Light SDF.asset
  artifactKey: Guid(8ba1ddbe311c33b42b654de51b26933d) Importer(815301076,1909f56bfc062723c751e8b465ee728b)
Start importing Assets/TextMesh Pro/DNFForgedBlade/DNFForgedBlade-Light SDF.asset using Guid(8ba1ddbe311c33b42b654de51b26933d) Importer(815301076,1909f56bfc062723c751e8b465ee728b)  -> (artifact id: 'a155c34da23ee0a3daf316b793ce291c') in 0.021877 seconds
Number of updated asset objects reloaded before import = 0
Number of asset objects unloaded after import = 6
========================================================================
Received Import Request.
  Time since last request: 141.547647 seconds.
  path: Assets/TextMesh Pro/DNFForgedBlade/DNFForgedBlade-Bold SDF.asset
  artifactKey: Guid(fc0d5c5cc9485e842a081bd48d709ddb) Importer(815301076,1909f56bfc062723c751e8b465ee728b)
Start importing Assets/TextMesh Pro/DNFForgedBlade/DNFForgedBlade-Bold SDF.asset using Guid(fc0d5c5cc9485e842a081bd48d709ddb) Importer(815301076,1909f56bfc062723c751e8b465ee728b)  -> (artifact id: 'ee4aeb441cd6107f985f3147ad9b1667') in 0.042844 seconds
Number of updated asset objects reloaded before import = 0
Number of asset objects unloaded after import = 6
========================================================================
Received Import Request.
  Time since last request: 76.256976 seconds.
  path: Assets/TextMesh Pro/DNFForgedBlade/DNFForgedBlade-Light SDF.asset
  artifactKey: Guid(8ba1ddbe311c33b42b654de51b26933d) Importer(815301076,1909f56bfc062723c751e8b465ee728b)
Start importing Assets/TextMesh Pro/DNFForgedBlade/DNFForgedBlade-Light SDF.asset using Guid(8ba1ddbe311c33b42b654de51b26933d) Importer(815301076,1909f56bfc062723c751e8b465ee728b)  -> (artifact id: 'b1c7286098801ef0a0ff5f8759cdf4ba') in 0.028219 seconds
Number of updated asset objects reloaded before import = 0
Number of asset objects unloaded after import = 6
========================================================================
Received Import Request.
  Time since last request: 1.947149 seconds.
  path: Assets/TextMesh Pro/DNFForgedBlade/DNFForgedBlade-Medium SDF.asset
  artifactKey: Guid(50552e373736b5e46ae47860aea2b7a3) Importer(815301076,1909f56bfc062723c751e8b465ee728b)
Start importing Assets/TextMesh Pro/DNFForgedBlade/DNFForgedBlade-Medium SDF.asset using Guid(50552e373736b5e46ae47860aea2b7a3) Importer(815301076,1909f56bfc062723c751e8b465ee728b)  -> (artifact id: '2798da8511ac2837a572520371c7b006') in 0.018156 seconds
Number of updated asset objects reloaded before import = 0
Number of asset objects unloaded after import = 6
========================================================================
Received Import Request.
  Time since last request: 188.346500 seconds.
  path: Assets/TextMesh Pro/DNFForgedBlade/DNFForgedBlade-Bold SDF.asset
  artifactKey: Guid(fc0d5c5cc9485e842a081bd48d709ddb) Importer(815301076,1909f56bfc062723c751e8b465ee728b)
Start importing Assets/TextMesh Pro/DNFForgedBlade/DNFForgedBlade-Bold SDF.asset using Guid(fc0d5c5cc9485e842a081bd48d709ddb) Importer(815301076,1909f56bfc062723c751e8b465ee728b)  -> (artifact id: '3f15e9a19281edfc6833493ac1a37729') in 0.035046 seconds
Number of updated asset objects reloaded before import = 0
Number of asset objects unloaded after import = 6
========================================================================
Received Import Request.
  Time since last request: 27.160149 seconds.
  path: Assets/TextMesh Pro/DNFForgedBlade/DNFForgedBlade-Bold SDF.asset
  artifactKey: Guid(fc0d5c5cc9485e842a081bd48d709ddb) Importer(815301076,1909f56bfc062723c751e8b465ee728b)
Start importing Assets/TextMesh Pro/DNFForgedBlade/DNFForgedBlade-Bold SDF.asset using Guid(fc0d5c5cc9485e842a081bd48d709ddb) Importer(815301076,1909f56bfc062723c751e8b465ee728b)  -> (artifact id: '8526cedfe11920ab661967392381d4e5') in 0.020612 seconds
Number of updated asset objects reloaded before import = 0
Number of asset objects unloaded after import = 6
========================================================================
Received Import Request.
  Time since last request: 125.770744 seconds.
  path: Assets/TextMesh Pro/DNFForgedBlade/DNFForgedBlade-Bold SDF.asset
  artifactKey: Guid(fc0d5c5cc9485e842a081bd48d709ddb) Importer(815301076,1909f56bfc062723c751e8b465ee728b)
Start importing Assets/TextMesh Pro/DNFForgedBlade/DNFForgedBlade-Bold SDF.asset using Guid(fc0d5c5cc9485e842a081bd48d709ddb) Importer(815301076,1909f56bfc062723c751e8b465ee728b)  -> (artifact id: '7f86db46f88c0a9072ccf438bd8faf6b') in 0.203643 seconds
Number of updated asset objects reloaded before import = 0
Number of asset objects unloaded after import = 6
========================================================================
Received Import Request.
  Time since last request: 9.060959 seconds.
  path: Assets/TextMesh Pro/DNFForgedBlade/DNFForgedBlade-Light SDF.asset
  artifactKey: Guid(8ba1ddbe311c33b42b654de51b26933d) Importer(815301076,1909f56bfc062723c751e8b465ee728b)
Start importing Assets/TextMesh Pro/DNFForgedBlade/DNFForgedBlade-Light SDF.asset using Guid(8ba1ddbe311c33b42b654de51b26933d) Importer(815301076,1909f56bfc062723c751e8b465ee728b)  -> (artifact id: 'e70e989b0bf5a3277e47b32bd323c9cf') in 0.032536 seconds
Number of updated asset objects reloaded before import = 0
Number of asset objects unloaded after import = 6
========================================================================
Received Import Request.
  Time since last request: 21.317097 seconds.
  path: Assets/TextMesh Pro/DNFForgedBlade/DNFForgedBlade-Medium SDF.asset
  artifactKey: Guid(50552e373736b5e46ae47860aea2b7a3) Importer(815301076,1909f56bfc062723c751e8b465ee728b)
Start importing Assets/TextMesh Pro/DNFForgedBlade/DNFForgedBlade-Medium SDF.asset using Guid(50552e373736b5e46ae47860aea2b7a3) Importer(815301076,1909f56bfc062723c751e8b465ee728b)  -> (artifact id: '9526b5c3b8c6edf45d886e17c49561a6') in 0.032060 seconds
Number of updated asset objects reloaded before import = 0
Number of asset objects unloaded after import = 6
========================================================================
Received Import Request.
  Time since last request: 153.013243 seconds.
  path: Assets/Resources/Prefabs/UI/Popup/Main/Main-Setting.prefab
  artifactKey: Guid(4a4a91d3b7588db49bd0eb3f6e0476aa) Importer(815301076,1909f56bfc062723c751e8b465ee728b)
Start importing Assets/Resources/Prefabs/UI/Popup/Main/Main-Setting.prefab using Guid(4a4a91d3b7588db49bd0eb3f6e0476aa) Importer(815301076,1909f56bfc062723c751e8b465ee728b)  -> (artifact id: 'e8d2e714d43cfd9ddb0bb74286100b88') in 0.316767 seconds
Number of updated asset objects reloaded before import = 0
Number of asset objects unloaded after import = 111
========================================================================
Received Import Request.
  Time since last request: 3.894829 seconds.
  path: Assets/Resources/Prefabs/UI/Popup/Main/Main-Init.prefab
  artifactKey: Guid(89f4a240fcbd763418fd302efa40ed52) Importer(815301076,1909f56bfc062723c751e8b465ee728b)
Start importing Assets/Resources/Prefabs/UI/Popup/Main/Main-Init.prefab using Guid(89f4a240fcbd763418fd302efa40ed52) Importer(815301076,1909f56bfc062723c751e8b465ee728b)  -> (artifact id: '53b6ab94a349ffdf26e7982d1af06051') in 0.105366 seconds
Number of updated asset objects reloaded before import = 0
Number of asset objects unloaded after import = 31
========================================================================
Received Import Request.
  Time since last request: 45.136654 seconds.
  path: Assets/TextMesh Pro/DNFForgedBlade/DNFForgedBlade-Bold SDF.asset
  artifactKey: Guid(fc0d5c5cc9485e842a081bd48d709ddb) Importer(815301076,1909f56bfc062723c751e8b465ee728b)
Start importing Assets/TextMesh Pro/DNFForgedBlade/DNFForgedBlade-Bold SDF.asset using Guid(fc0d5c5cc9485e842a081bd48d709ddb) Importer(815301076,1909f56bfc062723c751e8b465ee728b)  -> (artifact id: '500ed2afeba1688db88f76bf0aedd3b5') in 0.245678 seconds
Number of updated asset objects reloaded before import = 0
Number of asset objects unloaded after import = 6
========================================================================
Received Import Request.
  Time since last request: 36.170903 seconds.
  path: Assets/Resources/Prefabs/UI/Popup/Main/Main-Init.prefab
  artifactKey: Guid(89f4a240fcbd763418fd302efa40ed52) Importer(815301076,1909f56bfc062723c751e8b465ee728b)
Start importing Assets/Resources/Prefabs/UI/Popup/Main/Main-Init.prefab using Guid(89f4a240fcbd763418fd302efa40ed52) Importer(815301076,1909f56bfc062723c751e8b465ee728b)  -> (artifact id: 'b5a1d6320188087147a43f9a6bdf006b') in 0.101371 seconds
Number of updated asset objects reloaded before import = 0
Number of asset objects unloaded after import = 31
========================================================================
Received Import Request.
  Time since last request: 2.547970 seconds.
  path: Assets/TextMesh Pro/DNFForgedBlade/DNFForgedBlade-Light SDF.asset
  artifactKey: Guid(8ba1ddbe311c33b42b654de51b26933d) Importer(815301076,1909f56bfc062723c751e8b465ee728b)
Start importing Assets/TextMesh Pro/DNFForgedBlade/DNFForgedBlade-Light SDF.asset using Guid(8ba1ddbe311c33b42b654de51b26933d) Importer(815301076,1909f56bfc062723c751e8b465ee728b)  -> (artifact id: 'db3139da18116e060c0cc819bf6b71f5') in 0.125071 seconds
Number of updated asset objects reloaded before import = 0
Number of asset objects unloaded after import = 6
========================================================================
Received Prepare
Begin MonoManager ReloadAssembly
- Loaded All Assemblies, in  2.263 seconds
Refreshing native plugins compatible for Editor in 3.59 ms, found 3 plugins.
Native extension for WindowsStandalone target not found
[Package Manager] Server::EnsureServerProcessIsRunning -- launch failed, reason: Unity was launched with the -noUpm command-line argument
[Package Manager] UpmClient::Send -- Unable to send message (not connected to UPM process).
[Package Manager] Cannot connect to Unity Package Manager local server
Mono: successfully reloaded assembly
- Finished resetting the current domain, in  9.958 seconds
Domain Reload Profiling: 12219ms
	BeginReloadAssembly (128ms)
		ExecutionOrderSort (0ms)
		DisableScriptedObjects (3ms)
		BackupInstance (0ms)
		ReleaseScriptingObjects (0ms)
		CreateAndSetChildDomain (29ms)
	RebuildCommonClasses (28ms)
	RebuildNativeTypeToScriptingClass (9ms)
	initialDomainReloadingComplete (29ms)
	LoadAllAssembliesAndSetupDomain (2068ms)
		LoadAssemblies (2128ms)
		RebuildTransferFunctionScriptingTraits (0ms)
		AnalyzeDomain (11ms)
			TypeCache.Refresh (5ms)
				TypeCache.ScanAssembly (0ms)
			ScanForSourceGeneratedMonoScriptInfo (0ms)
			ResolveRequiredComponents (4ms)
	FinalizeReload (9958ms)
		ReleaseScriptCaches (0ms)
		RebuildScriptCaches (0ms)
		SetupLoadedEditorAssemblies (373ms)
			LogAssemblyErrors (0ms)
			InitializePlatformSupportModulesInManaged (6ms)
			SetLoadedEditorAssemblies (4ms)
			RefreshPlugins (0ms)
			BeforeProcessingInitializeOnLoad (56ms)
			ProcessInitializeOnLoadAttributes (284ms)
			ProcessInitializeOnLoadMethodAttributes (17ms)
			AfterProcessingInitializeOnLoad (5ms)
			EditorAssembliesLoaded (0ms)
		ExecutionOrderSort2 (0ms)
		AwakeInstancesAfterBackupRestoration (13ms)
Refreshing native plugins compatible for Editor in 3.72 ms, found 3 plugins.
Preloading 0 native plugins for Editor in 0.00 ms.
Unloading 3105 Unused Serialized files (Serialized files now loaded: 0)
Unloading 26 unused Assets / (33.4 KB). Loaded Objects now: 3644.
Memory consumption went from 132.0 MB to 132.0 MB.
Total: 2.719100 ms (FindLiveObjects: 0.229400 ms CreateObjectMapping: 0.117200 ms MarkObjects: 2.315900 ms  DeleteObjects: 0.055800 ms)

Prepare: number of updated asset objects reloaded= 0
AssetImportParameters requested are different than current active one (requested -> active):
  custom:container-demuxer-ogg: 62fdf1f143b41e24485cea50d1cbac27 -> 
  custom:video-decoder-ogg-theora: a1e56fd34408186e4bbccfd4996cb3dc -> 
  custom:framework-win-MediaFoundation: 216162199b28c13a410421893ffa2e32 -> 
  custom:CustomObjectIndexerAttribute: 756ad292c208cfabdd7b50bc23989ffe -> 
  custom:container-demuxer-webm: 4f35f7cbe854078d1ac9338744f61a02 -> 
  custom:container-muxer-webm: aa71ff27fc2769a1b78a27578f13a17b -> 
  custom:video-decoder-webm-vp8: 9c59270c3fd7afecdb556c50c9e8de78 -> 
  custom:SearchIndexIgnoredProperties: e643bd26f0fe6173181afceb89e7c659 -> 
  custom:AudioImporter_EditorPlatform: d09bf68614088b80899f8185d706f6e7 -> 
  custom:video-encoder-webm-vp8: eb34c28f22e8b96e1ab97ce403110664 -> 
  custom:audio-decoder-ogg-vorbis: bf7c407c2cedff20999df2af8eb42d56 -> 
  custom:audio-encoder-webm-vorbis: bf7c407c2cedff20999df2af8eb42d56 -> 
========================================================================
Received Import Request.
  Time since last request: 35.809923 seconds.
  path: Assets/Resources/Prefabs/UI/Popup/Main/Main-Init.prefab
  artifactKey: Guid(89f4a240fcbd763418fd302efa40ed52) Importer(815301076,1909f56bfc062723c751e8b465ee728b)
Start importing Assets/Resources/Prefabs/UI/Popup/Main/Main-Init.prefab using Guid(89f4a240fcbd763418fd302efa40ed52) Importer(815301076,1909f56bfc062723c751e8b465ee728b)  -> (artifact id: '58de22e8f5294024f18f1a99d01b2af9') in 0.259186 seconds
Number of updated asset objects reloaded before import = 0
Number of asset objects unloaded after import = 33
========================================================================
Received Import Request.
  Time since last request: 0.468853 seconds.
  path: Assets/@Script/민석/Main_Init.cs
  artifactKey: Guid(65dd0282ac3765246b97d11381cf6533) Importer(815301076,1909f56bfc062723c751e8b465ee728b)
Start importing Assets/@Script/민석/Main_Init.cs using Guid(65dd0282ac3765246b97d11381cf6533) Importer(815301076,1909f56bfc062723c751e8b465ee728b)  -> (artifact id: '72729e146bda91cdf91b363af70de876') in 0.000896 seconds
Number of updated asset objects reloaded before import = 0
Number of asset objects unloaded after import = 0
========================================================================
Received Import Request.
  Time since last request: 8.360456 seconds.
  path: Assets/@Script/Managers/Contents/BlinkAnim.cs
  artifactKey: Guid(b93334445d64fd844b906943f2cd52b0) Importer(815301076,1909f56bfc062723c751e8b465ee728b)
Start importing Assets/@Script/Managers/Contents/BlinkAnim.cs using Guid(b93334445d64fd844b906943f2cd52b0) Importer(815301076,1909f56bfc062723c751e8b465ee728b)  -> (artifact id: '1cb3329fedab04a93501b17ea6e159bf') in 0.000711 seconds
Number of updated asset objects reloaded before import = 0
Number of asset objects unloaded after import = 0
========================================================================
Received Import Request.
  Time since last request: 24.471409 seconds.
  path: Assets/@Script/Managers/Contents/BlinkAnim.cs
  artifactKey: Guid(b93334445d64fd844b906943f2cd52b0) Importer(815301076,1909f56bfc062723c751e8b465ee728b)
Start importing Assets/@Script/Managers/Contents/BlinkAnim.cs using Guid(b93334445d64fd844b906943f2cd52b0) Importer(815301076,1909f56bfc062723c751e8b465ee728b)  -> (artifact id: '10fd659bb1eebf2203a28478cb74ce48') in 0.000814 seconds
Number of updated asset objects reloaded before import = 0
Number of asset objects unloaded after import = 0
========================================================================
Received Prepare
Begin MonoManager ReloadAssembly
- Loaded All Assemblies, in  0.434 seconds
Refreshing native plugins compatible for Editor in 2.43 ms, found 3 plugins.
Native extension for WindowsStandalone target not found
[Package Manager] Server::EnsureServerProcessIsRunning -- launch failed, reason: Unity was launched with the -noUpm command-line argument
[Package Manager] UpmClient::Send -- Unable to send message (not connected to UPM process).
[Package Manager] Cannot connect to Unity Package Manager local server
Mono: successfully reloaded assembly
- Finished resetting the current domain, in  0.894 seconds
Domain Reload Profiling: 1325ms
	BeginReloadAssembly (157ms)
		ExecutionOrderSort (0ms)
		DisableScriptedObjects (4ms)
		BackupInstance (0ms)
		ReleaseScriptingObjects (0ms)
		CreateAndSetChildDomain (27ms)
	RebuildCommonClasses (33ms)
	RebuildNativeTypeToScriptingClass (13ms)
	initialDomainReloadingComplete (28ms)
	LoadAllAssembliesAndSetupDomain (199ms)
		LoadAssemblies (280ms)
		RebuildTransferFunctionScriptingTraits (0ms)
		AnalyzeDomain (18ms)
			TypeCache.Refresh (8ms)
				TypeCache.ScanAssembly (1ms)
			ScanForSourceGeneratedMonoScriptInfo (6ms)
			ResolveRequiredComponents (3ms)
	FinalizeReload (894ms)
		ReleaseScriptCaches (0ms)
		RebuildScriptCaches (0ms)
		SetupLoadedEditorAssemblies (413ms)
			LogAssemblyErrors (0ms)
			InitializePlatformSupportModulesInManaged (5ms)
			SetLoadedEditorAssemblies (2ms)
			RefreshPlugins (0ms)
			BeforeProcessingInitializeOnLoad (53ms)
			ProcessInitializeOnLoadAttributes (322ms)
			ProcessInitializeOnLoadMethodAttributes (23ms)
			AfterProcessingInitializeOnLoad (8ms)
			EditorAssembliesLoaded (0ms)
		ExecutionOrderSort2 (0ms)
		AwakeInstancesAfterBackupRestoration (18ms)
Refreshing native plugins compatible for Editor in 3.42 ms, found 3 plugins.
Preloading 0 native plugins for Editor in 0.00 ms.
Unloading 3105 Unused Serialized files (Serialized files now loaded: 0)
Unloading 23 unused Assets / (31.1 KB). Loaded Objects now: 3647.
Memory consumption went from 133.9 MB to 133.9 MB.
Total: 2.107800 ms (FindLiveObjects: 0.165500 ms CreateObjectMapping: 0.074600 ms MarkObjects: 1.830900 ms  DeleteObjects: 0.036100 ms)

Prepare: number of updated asset objects reloaded= 0
AssetImportParameters requested are different than current active one (requested -> active):
  custom:container-demuxer-ogg: 62fdf1f143b41e24485cea50d1cbac27 -> 
  custom:video-decoder-ogg-theora: a1e56fd34408186e4bbccfd4996cb3dc -> 
  custom:framework-win-MediaFoundation: 216162199b28c13a410421893ffa2e32 -> 
  custom:CustomObjectIndexerAttribute: 756ad292c208cfabdd7b50bc23989ffe -> 
  custom:container-demuxer-webm: 4f35f7cbe854078d1ac9338744f61a02 -> 
  custom:container-muxer-webm: aa71ff27fc2769a1b78a27578f13a17b -> 
  custom:video-decoder-webm-vp8: 9c59270c3fd7afecdb556c50c9e8de78 -> 
  custom:SearchIndexIgnoredProperties: e643bd26f0fe6173181afceb89e7c659 -> 
  custom:AudioImporter_EditorPlatform: d09bf68614088b80899f8185d706f6e7 -> 
  custom:video-encoder-webm-vp8: eb34c28f22e8b96e1ab97ce403110664 -> 
  custom:audio-decoder-ogg-vorbis: bf7c407c2cedff20999df2af8eb42d56 -> 
  custom:audio-encoder-webm-vorbis: bf7c407c2cedff20999df2af8eb42d56 -> 
========================================================================
Received Import Request.
  Time since last request: 7.549568 seconds.
  path: Assets/@Script/Managers/Contents/BlinkAnim.cs
  artifactKey: Guid(b93334445d64fd844b906943f2cd52b0) Importer(815301076,1909f56bfc062723c751e8b465ee728b)
Start importing Assets/@Script/Managers/Contents/BlinkAnim.cs using Guid(b93334445d64fd844b906943f2cd52b0) Importer(815301076,1909f56bfc062723c751e8b465ee728b)  -> (artifact id: 'deaa3a24514e4ba36924ec3fbfb870b2') in 0.002290 seconds
Number of updated asset objects reloaded before import = 0
Number of asset objects unloaded after import = 0
========================================================================
Received Prepare
Begin MonoManager ReloadAssembly
- Loaded All Assemblies, in  0.404 seconds
Refreshing native plugins compatible for Editor in 5.38 ms, found 3 plugins.
Native extension for WindowsStandalone target not found
[Package Manager] Server::EnsureServerProcessIsRunning -- launch failed, reason: Unity was launched with the -noUpm command-line argument
[Package Manager] UpmClient::Send -- Unable to send message (not connected to UPM process).
[Package Manager] Cannot connect to Unity Package Manager local server
Mono: successfully reloaded assembly
- Finished resetting the current domain, in  0.871 seconds
Domain Reload Profiling: 1273ms
	BeginReloadAssembly (144ms)
		ExecutionOrderSort (0ms)
		DisableScriptedObjects (5ms)
		BackupInstance (0ms)
		ReleaseScriptingObjects (0ms)
		CreateAndSetChildDomain (27ms)
	RebuildCommonClasses (28ms)
	RebuildNativeTypeToScriptingClass (9ms)
	initialDomainReloadingComplete (24ms)
	LoadAllAssembliesAndSetupDomain (198ms)
		LoadAssemblies (268ms)
		RebuildTransferFunctionScriptingTraits (0ms)
		AnalyzeDomain (12ms)
			TypeCache.Refresh (6ms)
				TypeCache.ScanAssembly (0ms)
			ScanForSourceGeneratedMonoScriptInfo (0ms)
			ResolveRequiredComponents (4ms)
	FinalizeReload (871ms)
		ReleaseScriptCaches (0ms)
		RebuildScriptCaches (0ms)
		SetupLoadedEditorAssemblies (408ms)
			LogAssemblyErrors (0ms)
			InitializePlatformSupportModulesInManaged (6ms)
			SetLoadedEditorAssemblies (4ms)
			RefreshPlugins (0ms)
			BeforeProcessingInitializeOnLoad (59ms)
			ProcessInitializeOnLoadAttributes (309ms)
			ProcessInitializeOnLoadMethodAttributes (22ms)
			AfterProcessingInitializeOnLoad (8ms)
			EditorAssembliesLoaded (0ms)
		ExecutionOrderSort2 (0ms)
		AwakeInstancesAfterBackupRestoration (16ms)
Refreshing native plugins compatible for Editor in 3.85 ms, found 3 plugins.
Preloading 0 native plugins for Editor in 0.00 ms.
Unloading 3105 Unused Serialized files (Serialized files now loaded: 0)
Unloading 23 unused Assets / (31.0 KB). Loaded Objects now: 3650.
Memory consumption went from 135.9 MB to 135.8 MB.
Total: 2.784500 ms (FindLiveObjects: 0.158400 ms CreateObjectMapping: 0.067900 ms MarkObjects: 2.516700 ms  DeleteObjects: 0.040700 ms)

Prepare: number of updated asset objects reloaded= 0
AssetImportParameters requested are different than current active one (requested -> active):
  custom:container-demuxer-ogg: 62fdf1f143b41e24485cea50d1cbac27 -> 
  custom:video-decoder-ogg-theora: a1e56fd34408186e4bbccfd4996cb3dc -> 
  custom:framework-win-MediaFoundation: 216162199b28c13a410421893ffa2e32 -> 
  custom:CustomObjectIndexerAttribute: 756ad292c208cfabdd7b50bc23989ffe -> 
  custom:container-demuxer-webm: 4f35f7cbe854078d1ac9338744f61a02 -> 
  custom:container-muxer-webm: aa71ff27fc2769a1b78a27578f13a17b -> 
  custom:video-decoder-webm-vp8: 9c59270c3fd7afecdb556c50c9e8de78 -> 
  custom:SearchIndexIgnoredProperties: e643bd26f0fe6173181afceb89e7c659 -> 
  custom:AudioImporter_EditorPlatform: d09bf68614088b80899f8185d706f6e7 -> 
  custom:video-encoder-webm-vp8: eb34c28f22e8b96e1ab97ce403110664 -> 
  custom:audio-decoder-ogg-vorbis: bf7c407c2cedff20999df2af8eb42d56 -> 
  custom:audio-encoder-webm-vorbis: bf7c407c2cedff20999df2af8eb42d56 -> 
